<?xml version="1.0" encoding="UTF-8"?>
<!-- Generated by org.testng.reporters.JUnitReportReporter -->
<testsuite hostname="EC2AMAZ-D9GMPCC" failures="0" tests="1" name="requesttypes.GetTest" time="3.555" errors="0" timestamp="2023-07-18T14:18:28 GMT" skipped="0">
  <testcase classname="requesttypes.GetTest" name="getTest" time="3.555"/>
  <system-out/>
</testsuite> <!-- requesttypes.GetTest -->
