<?xml version="1.0" encoding="UTF-8"?>
<!-- Generated by org.testng.reporters.JUnitReportReporter -->
<testsuite hostname="EC2AMAZ-D9GMPCC" failures="0" tests="1" name="requesttypes.PatchTest" time="3.568" errors="0" timestamp="2023-07-18T14:22:59 GMT" skipped="0">
  <testcase classname="requesttypes.PatchTest" name="patchTest" time="3.568"/>
  <system-out/>
</testsuite> <!-- requesttypes.PatchTest -->
