<?xml version="1.0" encoding="UTF-8"?>
<!-- Generated by org.testng.reporters.JUnitReportReporter -->
<testsuite hostname="EC2AMAZ-D9GMPCC" failures="0" tests="1" name="chaining.GetUser" time="0.945" errors="0" timestamp="2023-07-19T14:38:39 GMT" skipped="0">
  <testcase classname="chaining.GetUser" name="getUser" time="0.945"/>
  <system-out/>
</testsuite> <!-- chaining.GetUser -->
