<?xml version="1.0" encoding="UTF-8"?>
<!-- Generated by org.testng.reporters.JUnitReportReporter -->
<testsuite hostname="EC2AMAZ-D9GMPCC" failures="0" tests="1" name="authtechniques.BasicAuth" time="4.779" errors="0" timestamp="2023-07-19T11:26:47 GMT" skipped="0">
  <testcase classname="authtechniques.BasicAuth" name="basicAuth" time="4.779"/>
  <system-out/>
</testsuite> <!-- authtechniques.BasicAuth -->
