<?xml version="1.0" encoding="UTF-8"?>
<!-- Generated by org.testng.reporters.JUnitReportReporter -->
<testsuite hostname="EC2AMAZ-D9GMPCC" failures="0" tests="1" name="authtechniques.PreemptiveAuth" time="3.961" errors="0" timestamp="2023-07-19T11:33:03 GMT" skipped="0">
  <testcase classname="authtechniques.PreemptiveAuth" name="preemptiveAuth" time="3.961"/>
  <system-out/>
</testsuite> <!-- authtechniques.PreemptiveAuth -->
