<?xml version="1.0" encoding="UTF-8"?>
<!-- Generated by org.testng.reporters.JUnitReportReporter -->
<testsuite hostname="EC2AMAZ-D9GMPCC" failures="0" tests="4" name="testng.LearningTestNG" time="0.034" errors="0" timestamp="2023-07-19T13:55:49 GMT" skipped="0">
  <testcase classname="testng.LearningTestNG" name="test2" time="0.005"/>
  <system-out/>
  <testcase classname="testng.LearningTestNG" name="test3" time="0.006"/>
  <system-out/>
  <testcase classname="testng.LearningTestNG" name="test1" time="0.018"/>
  <system-out/>
  <testcase classname="testng.LearningTestNG" name="test1" time="0.005"/>
  <system-out/>
</testsuite> <!-- testng.LearningTestNG -->
