<?xml version="1.0" encoding="UTF-8"?>
<!-- Generated by org.testng.reporters.JUnitReportReporter -->
<testsuite hostname="EC2AMAZ-D9GMPCC" failures="0" tests="1" name="requesttypes.PutTest" time="3.224" errors="0" timestamp="2023-07-18T13:59:25 GMT" skipped="0">
  <testcase classname="requesttypes.PutTest" name="postTest" time="3.224"/>
  <system-out/>
</testsuite> <!-- requesttypes.PutTest -->
