<?xml version="1.0" encoding="UTF-8"?>
<!-- Generated by org.testng.reporters.JUnitReportReporter -->
<testsuite hostname="EC2AMAZ-D9GMPCC" failures="0" tests="1" name="authtechniques.Bearertoken" time="3.265" errors="0" timestamp="2023-07-19T12:08:53 GMT" skipped="0">
  <testcase classname="authtechniques.Bearertoken" name="BearToken" time="3.265"/>
  <system-out/>
</testsuite> <!-- authtechniques.Bearertoken -->
